processors.js:111 Wed Sep 11 2019 16:36:26 GMT+0300 (Eastern European Summer Time) -- story1rssFeed1,story2rssFeed1,story3rssFeed1,story4rssFeed1,story5rssFeed1,story6rssFeed1,story7rssFeed1,story8rssFeed1,story9rssFeed1,story10rssFeed1,story11rssFeed1,story12rssFeed1,story13rssFeed1,story14rssFeed1,story15rssFeed1,story16rssFeed1,story17rssFeed1,story18rssFeed1,story19rssFeed1,story20rssFeed1,story21rssFeed1,story22rssFeed1,story23rssFeed1,story24rssFeed1,story25rssFeed1,story26rssFeed1,story27rssFeed1,story28rssFeed1,story29rssFeed1,story30rssFeed1,story31rssFeed1,story32rssFeed1,story33rssFeed1,story34rssFeed1,story35rssFeed1,story36rssFeed1,story37rssFeed1,story38rssFeed1,story39rssFeed1,story40rssFeed1,story41rssFeed1,story42rssFeed1,story43rssFeed1,story44rssFeed1,story45rssFeed1,story46rssFeed1,story47rssFeed1,story48rssFeed1,story49rssFeed1,story50rssFeed1
processors.js:111 Wed Sep 11 2019 16:36:31 GMT+0300 (Eastern European Summer Time) -- story1rssFeed2,story2rssFeed2,story3rssFeed2,story4rssFeed2,story5rssFeed2,story6rssFeed2,story7rssFeed2,story8rssFeed2,story9rssFeed2,story10rssFeed2,story11rssFeed2,story12rssFeed2,story13rssFeed2,story14rssFeed2,story15rssFeed2,story16rssFeed2,story17rssFeed2,story18rssFeed2,story19rssFeed2,story20rssFeed2
rssReader.js:100 refreshing: Wed Sep 11 2019 16:36:57 GMT+0300 (Eastern European Summer Time)
rssReader.js:100 refreshing: Wed Sep 11 2019 16:37:27 GMT+0300 (Eastern European Summer Time)
rssReader.js:100 refreshing: Wed Sep 11 2019 16:37:57 GMT+0300 (Eastern European Summer Time)
rssReader.js:100 refreshing: Wed Sep 11 2019 16:38:27 GMT+0300 (Eastern European Summer Time)
rssReader.js:100 refreshing: Wed Sep 11 2019 16:38:57 GMT+0300 (Eastern European Summer Time)
rssReader.js:100 refreshing: Wed Sep 11 2019 16:39:28 GMT+0300 (Eastern European Summer Time)
rssReader.js:100 refreshing: Wed Sep 11 2019 16:39:59 GMT+0300 (Eastern European Summer Time)
rssReader.js:100 refreshing: Wed Sep 11 2019 16:40:29 GMT+0300 (Eastern European Summer Time)
rssReader.js:100 refreshing: Wed Sep 11 2019 16:41:00 GMT+0300 (Eastern European Summer Time)
processors.js:111 Wed Sep 11 2019 16:41:01 GMT+0300 (Eastern European Summer Time) -- story51rssFeed1,story52rssFeed1
rssReader.js:100 refreshing: Wed Sep 11 2019 16:41:30 GMT+0300 (Eastern European Summer Time)
processors.js:111 Wed Sep 11 2019 16:41:32 GMT+0300 (Eastern European Summer Time) -- story53rssFeed1
rssReader.js:100 refreshing: Wed Sep 11 2019 16:42:01 GMT+0300 (Eastern European Summer Time)
rssReader.js:100 refreshing: Wed Sep 11 2019 16:42:31 GMT+0300 (Eastern European Summer Time)
rssReader.js:100 refreshing: Wed Sep 11 2019 16:43:02 GMT+0300 (Eastern European Summer Time)
rssReader.js:100 refreshing: Wed Sep 11 2019 16:43:32 GMT+0300 (Eastern European Summer Time)
rssReader.js:100 refreshing: Wed Sep 11 2019 16:44:03 GMT+0300 (Eastern European Summer Time)
rssReader.js:100 refreshing: Wed Sep 11 2019 16:44:33 GMT+0300 (Eastern European Summer Time)
rssReader.js:100 refreshing: Wed Sep 11 2019 16:45:04 GMT+0300 (Eastern European Summer Time)
rssReader.js:100 refreshing: Wed Sep 11 2019 16:45:34 GMT+0300 (Eastern European Summer Time)
rssReader.js:100 refreshing: Wed Sep 11 2019 16:46:04 GMT+0300 (Eastern European Summer Time)
processors.js:111 Wed Sep 11 2019 16:46:05 GMT+0300 (Eastern European Summer Time) -- story54rssFeed1
rssReader.js:100 refreshing: Wed Sep 11 2019 16:46:35 GMT+0300 (Eastern European Summer Time)
processors.js:111 Wed Sep 11 2019 16:46:36 GMT+0300 (Eastern European Summer Time) -- story55rssFeed1
rssReader.js:100 refreshing: Wed Sep 11 2019 16:47:06 GMT+0300 (Eastern European Summer Time)
rssReader.js:100 refreshing: Wed Sep 11 2019 16:47:37 GMT+0300 (Eastern European Summer Time)
processors.js:111 Wed Sep 11 2019 16:47:37 GMT+0300 (Eastern European Summer Time) -- story21rssFeed2
processors.js:111 Wed Sep 11 2019 16:47:38 GMT+0300 (Eastern European Summer Time) -- story56rssFeed1
rssReader.js:100 refreshing: Wed Sep 11 2019 16:48:08 GMT+0300 (Eastern European Summer Time)
rssReader.js:100 refreshing: Wed Sep 11 2019 16:48:38 GMT+0300 (Eastern European Summer Time)
rssReader.js:100 refreshing: Wed Sep 11 2019 16:49:09 GMT+0300 (Eastern European Summer Time)
rssReader.js:100 refreshing: Wed Sep 11 2019 16:49:39 GMT+0300 (Eastern European Summer Time)
rssReader.js:100 refreshing: Wed Sep 11 2019 16:50:10 GMT+0300 (Eastern European Summer Time)
rssReader.js:100 refreshing: Wed Sep 11 2019 16:50:41 GMT+0300 (Eastern European Summer Time)
rssReader.js:100 refreshing: Wed Sep 11 2019 16:51:11 GMT+0300 (Eastern European Summer Time)
rssReader.js:100 refreshing: Wed Sep 11 2019 16:51:42 GMT+0300 (Eastern European Summer Time)
rssReader.js:100 refreshing: Wed Sep 11 2019 16:52:13 GMT+0300 (Eastern European Summer Time)
rssReader.js:100 refreshing: Wed Sep 11 2019 16:52:43 GMT+0300 (Eastern European Summer Time)
processors.js:111 Wed Sep 11 2019 16:52:44 GMT+0300 (Eastern European Summer Time) -- story22rssFeed2,story23rssFeed2
rssReader.js:100 refreshing: Wed Sep 11 2019 16:53:14 GMT+0300 (Eastern European Summer Time)
rssReader.js:100 refreshing: Wed Sep 11 2019 16:53:44 GMT+0300 (Eastern European Summer Time)
rssReader.js:100 refreshing: Wed Sep 11 2019 16:54:15 GMT+0300 (Eastern European Summer Time)
processors.js:111 Wed Sep 11 2019 16:54:16 GMT+0300 (Eastern European Summer Time) -- story24rssFeed2,story25rssFeed2,story26rssFeed2
rssReader.js:100 refreshing: Wed Sep 11 2019 16:54:46 GMT+0300 (Eastern European Summer Time)
processors.js:111 Wed Sep 11 2019 16:54:46 GMT+0300 (Eastern European Summer Time) -- story27rssFeed2
rssReader.js:100 refreshing: Wed Sep 11 2019 16:55:16 GMT+0300 (Eastern European Summer Time)
rssReader.js:100 refreshing: Wed Sep 11 2019 16:55:47 GMT+0300 (Eastern European Summer Time)
rssReader.js:100 refreshing: Wed Sep 11 2019 16:56:17 GMT+0300 (Eastern European Summer Time)
rssReader.js:100 refreshing: Wed Sep 11 2019 16:56:48 GMT+0300 (Eastern European Summer Time)
rssReader.js:100 refreshing: Wed Sep 11 2019 16:57:19 GMT+0300 (Eastern European Summer Time)
processors.js:111 Wed Sep 11 2019 16:57:20 GMT+0300 (Eastern European Summer Time) -- story57rssFeed1
rssReader.js:100 refreshing: Wed Sep 11 2019 16:57:50 GMT+0300 (Eastern European Summer Time)
processors.js:111 Wed Sep 11 2019 16:57:51 GMT+0300 (Eastern European Summer Time) -- story58rssFeed1
rssReader.js:100 refreshing: Wed Sep 11 2019 16:58:20 GMT+0300 (Eastern European Summer Time)
rssReader.js:100 refreshing: Wed Sep 11 2019 16:58:51 GMT+0300 (Eastern European Summer Time)
processors.js:111 Wed Sep 11 2019 16:58:54 GMT+0300 (Eastern European Summer Time) -- story28rssFeed2
rssReader.js:100 refreshing: Wed Sep 11 2019 16:59:21 GMT+0300 (Eastern European Summer Time)
rssReader.js:100 refreshing: Wed Sep 11 2019 16:59:52 GMT+0300 (Eastern European Summer Time)
processors.js:111 Wed Sep 11 2019 16:59:53 GMT+0300 (Eastern European Summer Time) -- story59rssFeed1
rssReader.js:100 refreshing: Wed Sep 11 2019 17:00:23 GMT+0300 (Eastern European Summer Time)
rssReader.js:100 refreshing: Wed Sep 11 2019 17:00:53 GMT+0300 (Eastern European Summer Time)
processors.js:111 Wed Sep 11 2019 17:00:56 GMT+0300 (Eastern European Summer Time) -- story60rssFeed1
rssReader.js:100 refreshing: Wed Sep 11 2019 17:01:23 GMT+0300 (Eastern European Summer Time)
processors.js:111 Wed Sep 11 2019 17:01:24 GMT+0300 (Eastern European Summer Time) -- story61rssFeed1
rssReader.js:100 refreshing: Wed Sep 11 2019 17:01:54 GMT+0300 (Eastern European Summer Time)
rssReader.js:100 refreshing: Wed Sep 11 2019 17:02:24 GMT+0300 (Eastern European Summer Time)
rssReader.js:100 refreshing: Wed Sep 11 2019 17:02:54 GMT+0300 (Eastern European Summer Time)
processors.js:111 Wed Sep 11 2019 17:02:54 GMT+0300 (Eastern European Summer Time) -- story62rssFeed1
rssReader.js:100 refreshing: Wed Sep 11 2019 17:03:25 GMT+0300 (Eastern European Summer Time)
rssReader.js:100 refreshing: Wed Sep 11 2019 17:03:55 GMT+0300 (Eastern European Summer Time)
rssReader.js:100 refreshing: Wed Sep 11 2019 17:04:25 GMT+0300 (Eastern European Summer Time)
rssReader.js:100 refreshing: Wed Sep 11 2019 17:04:56 GMT+0300 (Eastern European Summer Time)
rssReader.js:100 refreshing: Wed Sep 11 2019 17:05:27 GMT+0300 (Eastern European Summer Time)
rssReader.js:100 refreshing: Wed Sep 11 2019 17:05:57 GMT+0300 (Eastern European Summer Time)
rssReader.js:100 refreshing: Wed Sep 11 2019 17:06:28 GMT+0300 (Eastern European Summer Time)
processors.js:111 Wed Sep 11 2019 17:06:29 GMT+0300 (Eastern European Summer Time) -- story63rssFeed1
rssReader.js:100 refreshing: Wed Sep 11 2019 17:06:58 GMT+0300 (Eastern European Summer Time)
rssReader.js:100 refreshing: Wed Sep 11 2019 17:07:29 GMT+0300 (Eastern European Summer Time)
rssReader.js:100 refreshing: Wed Sep 11 2019 17:07:59 GMT+0300 (Eastern European Summer Time)
rssReader.js:100 refreshing: Wed Sep 11 2019 17:08:30 GMT+0300 (Eastern European Summer Time)
rssReader.js:100 refreshing: Wed Sep 11 2019 17:09:00 GMT+0300 (Eastern European Summer Time)
rssReader.js:100 refreshing: Wed Sep 11 2019 17:09:30 GMT+0300 (Eastern European Summer Time)
rssReader.js:100 refreshing: Wed Sep 11 2019 17:10:01 GMT+0300 (Eastern European Summer Time)
rssReader.js:100 refreshing: Wed Sep 11 2019 17:10:31 GMT+0300 (Eastern European Summer Time)
rssReader.js:100 refreshing: Wed Sep 11 2019 17:11:02 GMT+0300 (Eastern European Summer Time)
rssReader.js:100 refreshing: Wed Sep 11 2019 17:11:32 GMT+0300 (Eastern European Summer Time)
rssReader.js:100 refreshing: Wed Sep 11 2019 17:12:03 GMT+0300 (Eastern European Summer Time)
rssReader.js:100 refreshing: Wed Sep 11 2019 17:12:33 GMT+0300 (Eastern European Summer Time)
rssReader.js:100 refreshing: Wed Sep 11 2019 17:13:03 GMT+0300 (Eastern European Summer Time)
rssReader.js:100 refreshing: Wed Sep 11 2019 17:13:34 GMT+0300 (Eastern European Summer Time)
rssReader.js:100 refreshing: Wed Sep 11 2019 17:14:04 GMT+0300 (Eastern European Summer Time)
rssReader.js:100 refreshing: Wed Sep 11 2019 17:14:35 GMT+0300 (Eastern European Summer Time)
rssReader.js:100 refreshing: Wed Sep 11 2019 17:15:05 GMT+0300 (Eastern European Summer Time)
processors.js:111 Wed Sep 11 2019 17:15:06 GMT+0300 (Eastern European Summer Time) -- story64rssFeed1
rssReader.js:100 refreshing: Wed Sep 11 2019 17:15:36 GMT+0300 (Eastern European Summer Time)
processors.js:111 Wed Sep 11 2019 17:15:36 GMT+0300 (Eastern European Summer Time) -- story65rssFeed1
rssReader.js:100 refreshing: Wed Sep 11 2019 17:16:06 GMT+0300 (Eastern European Summer Time)
processors.js:111 Wed Sep 11 2019 17:16:07 GMT+0300 (Eastern European Summer Time) -- story29rssFeed2,story30rssFeed2
rssReader.js:100 refreshing: Wed Sep 11 2019 17:16:36 GMT+0300 (Eastern European Summer Time)
rssReader.js:100 refreshing: Wed Sep 11 2019 17:17:07 GMT+0300 (Eastern European Summer Time)
rssReader.js:100 refreshing: Wed Sep 11 2019 17:17:37 GMT+0300 (Eastern European Summer Time)
rssReader.js:100 refreshing: Wed Sep 11 2019 17:18:08 GMT+0300 (Eastern European Summer Time)
rssReader.js:100 refreshing: Wed Sep 11 2019 17:18:38 GMT+0300 (Eastern European Summer Time)
rssReader.js:100 refreshing: Wed Sep 11 2019 17:19:09 GMT+0300 (Eastern European Summer Time)
rssReader.js:100 refreshing: Wed Sep 11 2019 17:19:39 GMT+0300 (Eastern European Summer Time)
rssReader.js:100 refreshing: Wed Sep 11 2019 17:20:10 GMT+0300 (Eastern European Summer Time)
processors.js:111 Wed Sep 11 2019 17:20:10 GMT+0300 (Eastern European Summer Time) -- story66rssFeed1
rssReader.js:100 refreshing: Wed Sep 11 2019 17:20:40 GMT+0300 (Eastern European Summer Time)
processors.js:111 Wed Sep 11 2019 17:20:41 GMT+0300 (Eastern European Summer Time) -- story67rssFeed1
rssReader.js:100 refreshing: Wed Sep 11 2019 17:21:11 GMT+0300 (Eastern European Summer Time)
rssReader.js:100 refreshing: Wed Sep 11 2019 17:21:41 GMT+0300 (Eastern European Summer Time)
rssReader.js:100 refreshing: Wed Sep 11 2019 17:22:11 GMT+0300 (Eastern European Summer Time)
rssReader.js:100 refreshing: Wed Sep 11 2019 17:22:42 GMT+0300 (Eastern European Summer Time)
rssReader.js:100 refreshing: Wed Sep 11 2019 17:23:13 GMT+0300 (Eastern European Summer Time)
rssReader.js:100 refreshing: Wed Sep 11 2019 17:23:44 GMT+0300 (Eastern European Summer Time)
rssReader.js:100 refreshing: Wed Sep 11 2019 17:24:14 GMT+0300 (Eastern European Summer Time)
rssReader.js:100 refreshing: Wed Sep 11 2019 17:24:45 GMT+0300 (Eastern European Summer Time)
rssReader.js:100 refreshing: Wed Sep 11 2019 17:25:15 GMT+0300 (Eastern European Summer Time)
processors.js:111 Wed Sep 11 2019 17:25:16 GMT+0300 (Eastern European Summer Time) -- story68rssFeed1
rssReader.js:100 refreshing: Wed Sep 11 2019 17:25:45 GMT+0300 (Eastern European Summer Time)
rssReader.js:100 refreshing: Wed Sep 11 2019 17:26:16 GMT+0300 (Eastern European Summer Time)
rssReader.js:100 refreshing: Wed Sep 11 2019 17:26:46 GMT+0300 (Eastern European Summer Time)
rssReader.js:100 refreshing: Wed Sep 11 2019 17:27:17 GMT+0300 (Eastern European Summer Time)
rssReader.js:100 refreshing: Wed Sep 11 2019 17:27:47 GMT+0300 (Eastern European Summer Time)
rssReader.js:100 refreshing: Wed Sep 11 2019 17:28:18 GMT+0300 (Eastern European Summer Time)
rssReader.js:100 refreshing: Wed Sep 11 2019 17:28:49 GMT+0300 (Eastern European Summer Time)
rssReader.js:100 refreshing: Wed Sep 11 2019 17:29:19 GMT+0300 (Eastern European Summer Time)
rssReader.js:100 refreshing: Wed Sep 11 2019 17:29:50 GMT+0300 (Eastern European Summer Time)
rssReader.js:100 refreshing: Wed Sep 11 2019 17:30:20 GMT+0300 (Eastern European Summer Time)
rssReader.js:100 refreshing: Wed Sep 11 2019 17:30:51 GMT+0300 (Eastern European Summer Time)
processors.js:111 Wed Sep 11 2019 17:30:51 GMT+0300 (Eastern European Summer Time) -- story31rssFeed2
rssReader.js:100 refreshing: Wed Sep 11 2019 17:31:21 GMT+0300 (Eastern European Summer Time)
rssReader.js:100 refreshing: Wed Sep 11 2019 17:31:52 GMT+0300 (Eastern European Summer Time)
rssReader.js:100 refreshing: Wed Sep 11 2019 17:32:22 GMT+0300 (Eastern European Summer Time)
rssReader.js:100 refreshing: Wed Sep 11 2019 17:32:53 GMT+0300 (Eastern European Summer Time)
rssReader.js:100 refreshing: Wed Sep 11 2019 17:33:23 GMT+0300 (Eastern European Summer Time)
processors.js:111 Wed Sep 11 2019 17:33:24 GMT+0300 (Eastern European Summer Time) -- story69rssFeed1
rssReader.js:100 refreshing: Wed Sep 11 2019 17:33:53 GMT+0300 (Eastern European Summer Time)
rssReader.js:100 refreshing: Wed Sep 11 2019 17:34:23 GMT+0300 (Eastern European Summer Time)
rssReader.js:100 refreshing: Wed Sep 11 2019 17:34:53 GMT+0300 (Eastern European Summer Time)
rssReader.js:100 refreshing: Wed Sep 11 2019 17:35:23 GMT+0300 (Eastern European Summer Time)
processors.js:111 Wed Sep 11 2019 17:35:24 GMT+0300 (Eastern European Summer Time) -- story70rssFeed1
rssReader.js:100 refreshing: Wed Sep 11 2019 17:35:53 GMT+0300 (Eastern European Summer Time)
processors.js:111 Wed Sep 11 2019 17:35:53 GMT+0300 (Eastern European Summer Time) -- story32rssFeed2,story33rssFeed2
rssReader.js:100 refreshing: Wed Sep 11 2019 17:36:23 GMT+0300 (Eastern European Summer Time)
rssReader.js:100 refreshing: Wed Sep 11 2019 17:36:53 GMT+0300 (Eastern European Summer Time)
rssReader.js:100 refreshing: Wed Sep 11 2019 17:37:23 GMT+0300 (Eastern European Summer Time)
rssReader.js:100 refreshing: Wed Sep 11 2019 17:37:53 GMT+0300 (Eastern European Summer Time)
processors.js:111 Wed Sep 11 2019 17:37:54 GMT+0300 (Eastern European Summer Time) -- story71rssFeed1
rssReader.js:100 refreshing: Wed Sep 11 2019 17:38:23 GMT+0300 (Eastern European Summer Time)
rssReader.js:100 refreshing: Wed Sep 11 2019 17:38:54 GMT+0300 (Eastern European Summer Time)
processors.js:111 Wed Sep 11 2019 17:38:54 GMT+0300 (Eastern European Summer Time) -- story34rssFeed2
rssReader.js:100 refreshing: Thu Sep 12 2019 09:50:11 GMT+0300 (Eastern European Summer Time)
processors.js:111 Thu Sep 12 2019 09:50:13 GMT+0300 (Eastern European Summer Time) -- story72rssFeed1,story73rssFeed1,story74rssFeed1,
story75rssFeed1,story76rssFeed1,story77rssFeed1,story78rssFeed1,story79rssFeed1,story80rssFeed1,story81rssFeed1,story82rssFeed1,
story83rssFeed1,story84rssFeed1,story85rssFeed1,story86rssFeed1,story87rssFeed1,story88rssFeed1,story89rssFeed1,story90rssFeed1,
story91rssFeed1,story92rssFeed1,story93rssFeed1,story94rssFeed1,story95rssFeed1,story96rssFeed1,story97rssFeed1,story98rssFeed1,
story99rssFeed1,story100rssFeed1,story101rssFeed1,story102rssFeed1,story103rssFeed1,story104rssFeed1,story105rssFeed1,
story106rssFeed1,story107rssFeed1,story108rssFeed1,story109rssFeed1,story110rssFeed1,story111rssFeed1,story112rssFeed1,
story113rssFeed1,story114rssFeed1,story115rssFeed1,story116rssFeed1,story117rssFeed1,story118rssFeed1,story119rssFeed1,
story120rssFeed1,story121rssFeed1
processors.js:111 Thu Sep 12 2019 09:50:13 GMT+0300 (Eastern European Summer Time) -- story35rssFeed2,story36rssFeed2,story37rssFeed2,
story38rssFeed2,story39rssFeed2,story40rssFeed2,story41rssFeed2,story42rssFeed2,story43rssFeed2,story44rssFeed2,story45rssFeed2,
story46rssFeed2,story47rssFeed2,story48rssFeed2,story49rssFeed2,story50rssFeed2,story51rssFeed2,story52rssFeed2,story53rssFeed2,story54rssFeed2
rssReader.js:100 refreshing: Thu Sep 12 2019 09:50:42 GMT+0300 (Eastern European Summer Time)
rssReader.js:100 refreshing: Thu Sep 12 2019 09:51:13 GMT+0300 (Eastern European Summer Time)
rssReader.js:100 refreshing: Thu Sep 12 2019 09:51:44 GMT+0300 (Eastern European Summer Time)
processors.js:111 Thu Sep 12 2019 09:51:47 GMT+0300 (Eastern European Summer Time) -- story122rssFeed1
rssReader.js:100 refreshing: Thu Sep 12 2019 09:52:14 GMT+0300 (Eastern European Summer Time)
rssReader.js:100 refreshing: Thu Sep 12 2019 09:52:45 GMT+0300 (Eastern European Summer Time)
rssReader.js:100 refreshing: Thu Sep 12 2019 09:53:15 GMT+0300 (Eastern European Summer Time)
processors.js:111 Thu Sep 12 2019 09:53:16 GMT+0300 (Eastern European Summer Time) -- story123rssFeed1
rssReader.js:100 refreshing: Thu Sep 12 2019 09:53:45 GMT+0300 (Eastern European Summer Time)
rssReader.js:100 refreshing: Thu Sep 12 2019 09:54:15 GMT+0300 (Eastern European Summer Time)
rssReader.js:100 refreshing: Thu Sep 12 2019 09:54:45 GMT+0300 (Eastern European Summer Time)
rssReader.js:100 refreshing: Thu Sep 12 2019 09:55:15 GMT+0300 (Eastern European Summer Time)
rssReader.js:100 refreshing: Thu Sep 12 2019 09:55:45 GMT+0300 (Eastern European Summer Time)
rssReader.js:100 refreshing: Thu Sep 12 2019 09:56:15 GMT+0300 (Eastern European Summer Time)
processors.js:111 Thu Sep 12 2019 09:56:16 GMT+0300 (Eastern European Summer Time) -- story124rssFeed1
rssReader.js:100 refreshing: Thu Sep 12 2019 09:56:45 GMT+0300 (Eastern European Summer Time)
rssReader.js:100 refreshing: Thu Sep 12 2019 09:57:15 GMT+0300 (Eastern European Summer Time)
processors.js:111 Thu Sep 12 2019 09:57:16 GMT+0300 (Eastern European Summer Time) -- story125rssFeed1
rssReader.js:100 refreshing: Thu Sep 12 2019 09:57:45 GMT+0300 (Eastern European Summer Time)
rssReader.js:100 refreshing: Thu Sep 12 2019 09:58:15 GMT+0300 (Eastern European Summer Time)
rssReader.js:100 refreshing: Thu Sep 12 2019 09:58:45 GMT+0300 (Eastern European Summer Time)
rssReader.js:100 refreshing: Thu Sep 12 2019 09:59:15 GMT+0300 (Eastern European Summer Time)
rssReader.js:100 refreshing: Thu Sep 12 2019 09:59:45 GMT+0300 (Eastern European Summer Time)
rssReader.js:100 refreshing: Thu Sep 12 2019 10:00:15 GMT+0300 (Eastern European Summer Time)
rssReader.js:100 refreshing: Thu Sep 12 2019 10:00:45 GMT+0300 (Eastern European Summer Time)
rssReader.js:100 refreshing: Thu Sep 12 2019 10:01:15 GMT+0300 (Eastern European Summer Time)
rssReader.js:100 refreshing: Thu Sep 12 2019 10:01:45 GMT+0300 (Eastern European Summer Time)
rssReader.js:100 refreshing: Thu Sep 12 2019 10:02:15 GMT+0300 (Eastern European Summer Time)
rssReader.js:100 refreshing: Thu Sep 12 2019 10:02:45 GMT+0300 (Eastern European Summer Time)
rssReader.js:100 refreshing: Thu Sep 12 2019 10:03:15 GMT+0300 (Eastern European Summer Time)
rssReader.js:100 refreshing: Thu Sep 12 2019 10:03:45 GMT+0300 (Eastern European Summer Time)
rssReader.js:100 refreshing: Thu Sep 12 2019 10:04:15 GMT+0300 (Eastern European Summer Time)
rssReader.js:100 refreshing: Thu Sep 12 2019 10:04:45 GMT+0300 (Eastern European Summer Time)
rssReader.js:100 refreshing: Thu Sep 12 2019 10:05:15 GMT+0300 (Eastern European Summer Time)
rssReader.js:100 refreshing: Thu Sep 12 2019 10:05:45 GMT+0300 (Eastern European Summer Time)
processors.js:111 Thu Sep 12 2019 10:05:46 GMT+0300 (Eastern European Summer Time) -- story126rssFeed1
rssReader.js:100 refreshing: Thu Sep 12 2019 10:06:15 GMT+0300 (Eastern European Summer Time)
rssReader.js:100 refreshing: Thu Sep 12 2019 10:06:45 GMT+0300 (Eastern European Summer Time)
rssReader.js:100 refreshing: Thu Sep 12 2019 10:07:15 GMT+0300 (Eastern European Summer Time)
processors.js:111 Thu Sep 12 2019 10:07:17 GMT+0300 (Eastern European Summer Time) -- story127rssFeed1
rssReader.js:100 refreshing: Thu Sep 12 2019 10:07:45 GMT+0300 (Eastern European Summer Time)
rssReader.js:100 refreshing: Thu Sep 12 2019 10:08:15 GMT+0300 (Eastern European Summer Time)
rssReader.js:100 refreshing: Thu Sep 12 2019 10:08:45 GMT+0300 (Eastern European Summer Time)
rssReader.js:100 refreshing: Thu Sep 12 2019 10:09:15 GMT+0300 (Eastern European Summer Time)
rssReader.js:100 refreshing: Thu Sep 12 2019 10:09:45 GMT+0300 (Eastern European Summer Time)
rssReader.js:100 refreshing: Thu Sep 12 2019 10:10:15 GMT+0300 (Eastern European Summer Time)
rssReader.js:100 refreshing: Thu Sep 12 2019 10:10:45 GMT+0300 (Eastern European Summer Time)
rssReader.js:100 refreshing: Thu Sep 12 2019 10:11:15 GMT+0300 (Eastern European Summer Time)
rssReader.js:100 refreshing: Thu Sep 12 2019 10:11:45 GMT+0300 (Eastern European Summer Time)
processors.js:111 Thu Sep 12 2019 10:11:46 GMT+0300 (Eastern European Summer Time) -- story128rssFeed1
rssReader.js:100 refreshing: Thu Sep 12 2019 10:12:15 GMT+0300 (Eastern European Summer Time)
processors.js:111 Thu Sep 12 2019 10:12:17 GMT+0300 (Eastern European Summer Time) -- story55rssFeed2
rssReader.js:100 refreshing: Thu Sep 12 2019 10:12:45 GMT+0300 (Eastern European Summer Time)
processors.js:111 Thu Sep 12 2019 10:12:46 GMT+0300 (Eastern European Summer Time) -- story129rssFeed1,story130rssFeed1
rssReader.js:100 refreshing: Thu Sep 12 2019 10:13:15 GMT+0300 (Eastern European Summer Time)
processors.js:111 Thu Sep 12 2019 10:13:17 GMT+0300 (Eastern European Summer Time) -- story131rssFeed1
rssReader.js:100 refreshing: Thu Sep 12 2019 10:13:45 GMT+0300 (Eastern European Summer Time)
rssReader.js:100 refreshing: Thu Sep 12 2019 10:14:15 GMT+0300 (Eastern European Summer Time)
processors.js:111 Thu Sep 12 2019 10:14:16 GMT+0300 (Eastern European Summer Time) -- story56rssFeed2
rssReader.js:100 refreshing: Thu Sep 12 2019 10:14:45 GMT+0300 (Eastern European Summer Time)
rssReader.js:100 refreshing: Thu Sep 12 2019 10:15:15 GMT+0300 (Eastern European Summer Time)
rssReader.js:100 refreshing: Thu Sep 12 2019 10:15:45 GMT+0300 (Eastern European Summer Time)
rssReader.js:100 refreshing: Thu Sep 12 2019 10:16:15 GMT+0300 (Eastern European Summer Time)
rssReader.js:100 refreshing: Thu Sep 12 2019 10:16:45 GMT+0300 (Eastern European Summer Time)
rssReader.js:100 refreshing: Thu Sep 12 2019 10:17:15 GMT+0300 (Eastern European Summer Time)
rssReader.js:100 refreshing: Thu Sep 12 2019 10:17:45 GMT+0300 (Eastern European Summer Time)
rssReader.js:100 refreshing: Thu Sep 12 2019 10:18:15 GMT+0300 (Eastern European Summer Time)
rssReader.js:100 refreshing: Thu Sep 12 2019 10:18:45 GMT+0300 (Eastern European Summer Time)
rssReader.js:100 refreshing: Thu Sep 12 2019 10:19:15 GMT+0300 (Eastern European Summer Time)
rssReader.js:100 refreshing: Thu Sep 12 2019 10:19:45 GMT+0300 (Eastern European Summer Time)
processors.js:111 Thu Sep 12 2019 10:19:46 GMT+0300 (Eastern European Summer Time) -- story57rssFeed2
processors.js:111 Thu Sep 12 2019 10:19:46 GMT+0300 (Eastern European Summer Time) -- story132rssFeed1
rssReader.js:100 refreshing: Thu Sep 12 2019 10:20:15 GMT+0300 (Eastern European Summer Time)
rssReader.js:100 refreshing: Thu Sep 12 2019 10:20:45 GMT+0300 (Eastern European Summer Time)
rssReader.js:100 refreshing: Thu Sep 12 2019 10:21:15 GMT+0300 (Eastern European Summer Time)
rssReader.js:100 refreshing: Thu Sep 12 2019 10:21:45 GMT+0300 (Eastern European Summer Time)
rssReader.js:100 refreshing: Thu Sep 12 2019 10:22:15 GMT+0300 (Eastern European Summer Time)
rssReader.js:100 refreshing: Thu Sep 12 2019 10:22:45 GMT+0300 (Eastern European Summer Time)
rssReader.js:100 refreshing: Thu Sep 12 2019 10:23:15 GMT+0300 (Eastern European Summer Time)
rssReader.js:100 refreshing: Thu Sep 12 2019 10:23:45 GMT+0300 (Eastern European Summer Time)
rssReader.js:100 refreshing: Thu Sep 12 2019 10:24:15 GMT+0300 (Eastern European Summer Time)
rssReader.js:100 refreshing: Thu Sep 12 2019 10:24:45 GMT+0300 (Eastern European Summer Time)
rssReader.js:100 refreshing: Thu Sep 12 2019 10:25:15 GMT+0300 (Eastern European Summer Time)
processors.js:111 Thu Sep 12 2019 10:25:16 GMT+0300 (Eastern European Summer Time) -- story133rssFeed1
rssReader.js:100 refreshing: Thu Sep 12 2019 10:25:45 GMT+0300 (Eastern European Summer Time)
rssReader.js:100 refreshing: Thu Sep 12 2019 10:26:15 GMT+0300 (Eastern European Summer Time)
rssReader.js:100 refreshing: Thu Sep 12 2019 10:26:45 GMT+0300 (Eastern European Summer Time)
rssReader.js:100 refreshing: Thu Sep 12 2019 10:27:15 GMT+0300 (Eastern European Summer Time)
processors.js:111 Thu Sep 12 2019 10:27:16 GMT+0300 (Eastern European Summer Time) -- story134rssFeed1
rssReader.js:100 refreshing: Thu Sep 12 2019 10:27:45 GMT+0300 (Eastern European Summer Time)
rssReader.js:100 refreshing: Thu Sep 12 2019 10:28:15 GMT+0300 (Eastern European Summer Time)
rssReader.js:100 refreshing: Thu Sep 12 2019 10:28:45 GMT+0300 (Eastern European Summer Time)
rssReader.js:100 refreshing: Thu Sep 12 2019 10:29:16 GMT+0300 (Eastern European Summer Time)
processors.js:111 Thu Sep 12 2019 10:29:17 GMT+0300 (Eastern European Summer Time) -- story135rssFeed1
rssReader.js:100 refreshing: Thu Sep 12 2019 10:29:46 GMT+0300 (Eastern European Summer Time)
rssReader.js:100 refreshing: Thu Sep 12 2019 10:30:16 GMT+0300 (Eastern European Summer Time)
rssReader.js:100 refreshing: Thu Sep 12 2019 10:30:46 GMT+0300 (Eastern European Summer Time)
rssReader.js:100 refreshing: Thu Sep 12 2019 10:31:16 GMT+0300 (Eastern European Summer Time)
rssReader.js:100 refreshing: Thu Sep 12 2019 10:31:46 GMT+0300 (Eastern European Summer Time)
processors.js:111 Thu Sep 12 2019 10:31:47 GMT+0300 (Eastern European Summer Time) -- story136rssFeed1
rssReader.js:100 refreshing: Thu Sep 12 2019 10:32:16 GMT+0300 (Eastern European Summer Time)
rssReader.js:100 refreshing: Thu Sep 12 2019 10:32:47 GMT+0300 (Eastern European Summer Time)
rssReader.js:100 refreshing: Thu Sep 12 2019 10:33:17 GMT+0300 (Eastern European Summer Time)
rssReader.js:100 refreshing: Thu Sep 12 2019 10:33:47 GMT+0300 (Eastern European Summer Time)
rssReader.js:100 refreshing: Thu Sep 12 2019 10:34:17 GMT+0300 (Eastern European Summer Time)
processors.js:111 Thu Sep 12 2019 10:34:18 GMT+0300 (Eastern European Summer Time) -- story137rssFeed1
rssReader.js:100 refreshing: Thu Sep 12 2019 10:34:47 GMT+0300 (Eastern European Summer Time)
processors.js:111 Thu Sep 12 2019 10:34:48 GMT+0300 (Eastern European Summer Time) -- story58rssFeed2
rssReader.js:100 refreshing: Thu Sep 12 2019 10:35:17 GMT+0300 (Eastern European Summer Time)
processors.js:111 Thu Sep 12 2019 10:35:18 GMT+0300 (Eastern European Summer Time) -- story138rssFeed1
rssReader.js:100 refreshing: Thu Sep 12 2019 10:35:47 GMT+0300 (Eastern European Summer Time)
rssReader.js:100 refreshing: Thu Sep 12 2019 10:36:17 GMT+0300 (Eastern European Summer Time)
rssReader.js:100 refreshing: Thu Sep 12 2019 10:36:47 GMT+0300 (Eastern European Summer Time)
rssReader.js:100 refreshing: Thu Sep 12 2019 10:37:17 GMT+0300 (Eastern European Summer Time)
rssReader.js:100 refreshing: Thu Sep 12 2019 10:37:47 GMT+0300 (Eastern European Summer Time)
processors.js:111 Thu Sep 12 2019 10:37:48 GMT+0300 (Eastern European Summer Time) -- story139rssFeed1,story140rssFeed1
processors.js:111 Thu Sep 12 2019 10:37:48 GMT+0300 (Eastern European Summer Time) -- story59rssFeed2
rssReader.js:100 refreshing: Thu Sep 12 2019 10:38:17 GMT+0300 (Eastern European Summer Time)
rssReader.js:100 refreshing: Thu Sep 12 2019 10:38:48 GMT+0300 (Eastern European Summer Time)
rssReader.js:100 refreshing: Thu Sep 12 2019 10:39:18 GMT+0300 (Eastern European Summer Time)
rssReader.js:100 refreshing: Thu Sep 12 2019 10:39:49 GMT+0300 (Eastern European Summer Time)
rssReader.js:100 refreshing: Thu Sep 12 2019 10:40:19 GMT+0300 (Eastern European Summer Time)
rssReader.js:100 refreshing: Thu Sep 12 2019 10:40:50 GMT+0300 (Eastern European Summer Time)
rssReader.js:100 refreshing: Thu Sep 12 2019 10:41:21 GMT+0300 (Eastern European Summer Time)
rssReader.js:100 refreshing: Thu Sep 12 2019 10:41:51 GMT+0300 (Eastern European Summer Time)
rssReader.js:100 refreshing: Thu Sep 12 2019 10:42:22 GMT+0300 (Eastern European Summer Time)
rssReader.js:100 refreshing: Thu Sep 12 2019 10:42:52 GMT+0300 (Eastern European Summer Time)
rssReader.js:100 refreshing: Thu Sep 12 2019 10:43:22 GMT+0300 (Eastern European Summer Time)
rssReader.js:100 refreshing: Thu Sep 12 2019 10:43:52 GMT+0300 (Eastern European Summer Time)
rssReader.js:100 refreshing: Thu Sep 12 2019 10:44:22 GMT+0300 (Eastern European Summer Time)
